Arguments: 
  /home/teecodex/.nvm/versions/node/v14.19.0/bin/node /home/teecodex/.nvm/versions/node/v14.19.0/bin/yarnpkg install

PATH: 
  /home/teecodex/.nvm/versions/node/v14.19.0/bin:/usr/local/sbin:/usr/local/bin:/usr/sbin:/usr/bin:/sbin:/bin:/usr/games:/usr/local/games:/snap/bin:/snap/bin:~/flutter/bin:/home/teecodex/Android/Sdk/emulator:ANDROID_SDK_ROOT/platform-tools

Yarn version: 
  1.22.17

Node version: 
  14.19.0

Platform: 
  linux x64

Trace: 
  Error: https://registry.yarnpkg.com/bl/-/bl-4.1.0.tgz: socket hang up
      at connResetException (internal/errors.js:639:14)
      at TLSSocket.socketOnEnd (_http_client.js:499:23)
      at TLSSocket.emit (events.js:412:35)
      at endReadableNT (internal/streams/readable.js:1334:12)
      at processTicksAndRejections (internal/process/task_queues.js:82:21)

npm manifest: 
  {
    "name": "awesomeproject",
    "version": "1.0.0",
    "main": "node_modules/expo/AppEntry.js",
    "scripts": {
      "start": "expo start",
      "android": "expo start --android",
      "ios": "expo start --ios",
      "web": "expo start --web",
      "eject": "expo eject"
    },
    "dependencies": {
      "expo": "~45.0.0",
      "expo-status-bar": "~1.3.0",
      "react": "17.0.2",
      "react-dom": "17.0.2",
      "react-native": "0.68.2",
      "react-native-web": "0.17.7"
    },
    "devDependencies": {
      "@babel/core": "^7.12.9"
    },
    "private": true
  }

yarn manifest: 
  No manifest

Lockfile: 
  No lockfile
